{"numTotalTestSuites":3,"numPassedTestSuites":3,"numFailedTestSuites":0,"numPendingTestSuites":0,"numTotalTests":4,"numPassedTests":4,"numFailedTests":0,"numPendingTests":0,"numTodoTests":0,"snapshot":{"added":0,"failure":false,"filesAdded":0,"filesRemoved":0,"filesRemovedList":[],"filesUnmatched":0,"filesUpdated":0,"matched":0,"total":0,"unchecked":0,"uncheckedKeysByFile":[],"unmatched":0,"updated":0,"didUpdate":false},"startTime":1786076106359,"success":true,"testResults":[{"assertionResults":[{"ancestorTitles":["BasicInfo read-only behavior"],"fullName":"BasicInfo read-only behavior disables editing fields when canEdit is false","status":"passed","title":"disables editing fields when canEdit is false","duration":420.6811000000016,"failureMessages":[],"meta":{},"tags":[]},{"ancestorTitles":["research draft persistence"],"fullName":"research draft persistence preserves typed form state while excluding files from local storage","status":"passed","title":"preserves typed form state while excluding files from local storage","duration":1.7247999999963213,"failureMessages":[],"meta":{},"tags":[]},{"ancestorTitles":["research draft persistence"],"fullName":"research draft persistence restores persisted state from a safe storage payload","status":"passed","title":"restores persisted state from a safe storage payload","duration":1.5117000000027474,"failureMessages":[],"meta":{},"tags":[]},{"ancestorTitles":["research draft persistence"],"fullName":"research draft persistence builds a user and research scoped storage key","status":"passed","title":"builds a user and research scoped storage key","duration":0.6483000000007451,"failureMessages":[],"meta":{},"tags":[]}],"startTime":1786076236809,"endTime":1786076237233.6482,"status":"passed","message":"","name":"C:/Users/Lenovo/Documents/GitHub/mciistcrepo/resources/js/hooks/use-research-save.test.tsx"}]}