{"numTotalTestSuites":3,"numPassedTestSuites":3,"numFailedTestSuites":0,"numPendingTestSuites":0,"numTotalTests":3,"numPassedTests":3,"numFailedTests":0,"numPendingTests":0,"numTodoTests":0,"snapshot":{"added":0,"failure":false,"filesAdded":0,"filesRemoved":0,"filesRemovedList":[],"filesUnmatched":0,"filesUpdated":0,"matched":0,"total":0,"unchecked":0,"uncheckedKeysByFile":[],"unmatched":0,"updated":0,"didUpdate":false},"startTime":1786091310135,"success":true,"testResults":[{"assertionResults":[{"ancestorTitles":["WorkflowActions"],"fullName":"WorkflowActions renders workflow actions based on backend capabilities","status":"passed","title":"renders workflow actions based on backend capabilities","duration":344.52790000000005,"failureMessages":[],"meta":{},"tags":[]},{"ancestorTitles":["WorkflowActions"],"fullName":"WorkflowActions hides workflow actions when the backend does not allow them","status":"passed","title":"hides workflow actions when the backend does not allow them","duration":6.190200000000004,"failureMessages":[],"meta":{},"tags":[]},{"ancestorTitles":["WorkflowNoteModal hard-delete validation"],"fullName":"WorkflowNoteModal hard-delete validation requires a reason and the exact DELETE confirmation before submitting","status":"passed","title":"requires a reason and the exact DELETE confirmation before submitting","duration":199.05469999999968,"failureMessages":[],"meta":{},"tags":[]}],"startTime":1786091317370,"endTime":1786091317920.0547,"status":"passed","message":"","name":"C:/Users/Lenovo/Documents/GitHub/mciistcrepo/resources/js/components/research/workflow-actions.test.tsx"}]}